# JRE version: OpenJDK Runtime Environment (11.0.12+7) (build 11.0.12+7-b1504.28-7817840)
# Java VM: OpenJDK 64-Bit Server VM (11.0.12+7-b1504.28-7817840, mixed mode, tiered, compressed oops, g1 gc, windows-amd64)
Heap:
 garbage-first heap   total 850944K, used 278528K [0x0000000080000000, 0x0000000100000000)
  region size 1024K, 10 young (10240K), 10 survivors (10240K)
 Metaspace       used 126665K, capacity 130330K, committed 130636K, reserved 1163264K
  class space    used 15712K, capacity 17071K, committed 17280K, reserved 1048576K
GC Heap History (20 events):
Event: 429.639 GC heap after
{Heap after GC invocations=76 (full 0):
 garbage-first heap   total 307200K, used 239847K [0x0000000080000000, 0x0000000100000000)
  region size 1024K, 3 young (3072K), 3 survivors (3072K)
 Metaspace       used 125890K, capacity 129460K, committed 129740K, reserved 1161216K
  class space    used 15644K, capacity 16969K, committed 17152K, reserved 1048576K
}
Event: 429.839 GC heap before
{Heap before GC invocations=76 (full 0):
 garbage-first heap   total 307200K, used 259303K [0x0000000080000000, 0x0000000100000000)
  region size 1024K, 20 young (20480K), 3 survivors (3072K)
 Metaspace       used 125897K, capacity 129460K, committed 129740K, reserved 1161216K
  class space    used 15644K, capacity 16969K, committed 17152K, reserved 1048576K
}
Event: 429.852 GC heap after
{Heap after GC invocations=77 (full 0):
 garbage-first heap   total 379904K, used 245248K [0x0000000080000000, 0x0000000100000000)
  region size 1024K, 3 young (3072K), 3 survivors (3072K)
 Metaspace       used 125897K, capacity 129460K, committed 129740K, reserved 1161216K
  class space    used 15644K, capacity 16969K, committed 17152K, reserved 1048576K
}
Event: 431.142 GC heap before
{Heap before GC invocations=77 (full 0):
 garbage-first heap   total 379904K, used 285184K [0x0000000080000000, 0x0000000100000000)
  region size 1024K, 45 young (46080K), 3 survivors (3072K)
 Metaspace       used 125896K, capacity 129449K, committed 129740K, reserved 1161216K
  class space    used 15641K, capacity 16965K, committed 17152K, reserved 1048576K
}
Event: 431.184 GC heap after
{Heap after GC invocations=78 (full 0):
 garbage-first heap   total 379904K, used 247700K [0x0000000080000000, 0x0000000100000000)
  region size 1024K, 6 young (6144K), 6 survivors (6144K)
 Metaspace       used 125896K, capacity 129449K, committed 129740K, reserved 1161216K
  class space    used 15641K, capacity 16965K, committed 17152K, reserved 1048576K
}
Event: 431.392 GC heap before
{Heap before GC invocations=78 (full 0):
 garbage-first heap   total 379904K, used 295828K [0x0000000080000000, 0x0000000100000000)
  region size 1024K, 50 young (51200K), 6 survivors (6144K)
 Metaspace       used 125896K, capacity 129449K, committed 129740K, reserved 1161216K
  class space    used 15641K, capacity 16965K, committed 17152K, reserved 1048576K
}
Event: 431.442 GC heap after
{Heap after GC invocations=79 (full 0):
 garbage-first heap   total 379904K, used 260283K [0x0000000080000000, 0x0000000100000000)
  region size 1024K, 7 young (7168K), 7 survivors (7168K)
 Metaspace       used 125896K, capacity 129449K, committed 129740K, reserved 1161216K
  class space    used 15641K, capacity 16965K, committed 17152K, reserved 1048576K
}
Event: 431.658 GC heap before
{Heap before GC invocations=80 (full 0):
 garbage-first heap   total 379904K, used 311483K [0x0000000080000000, 0x0000000100000000)
  region size 1024K, 48 young (49152K), 7 survivors (7168K)
 Metaspace       used 125918K, capacity 129450K, committed 129740K, reserved 1161216K
  class space    used 15641K, capacity 16965K, committed 17152K, reserved 1048576K
}
Event: 431.679 GC heap after
{Heap after GC invocations=81 (full 0):
 garbage-first heap   total 379904K, used 275206K [0x0000000080000000, 0x0000000100000000)
  region size 1024K, 5 young (5120K), 5 survivors (5120K)
 Metaspace       used 125918K, capacity 129450K, committed 129740K, reserved 1161216K
  class space    used 15641K, capacity 16965K, committed 17152K, reserved 1048576K
}
Event: 431.738 GC heap before
{Heap before GC invocations=81 (full 0):
 garbage-first heap   total 379904K, used 287494K [0x0000000080000000, 0x0000000100000000)
  region size 1024K, 18 young (18432K), 5 survivors (5120K)
 Metaspace       used 125922K, capacity 129450K, committed 129740K, reserved 1161216K
  class space    used 15641K, capacity 16965K, committed 17152K, reserved 1048576K
}
Event: 431.771 GC heap after
{Heap after GC invocations=82 (full 0):
 garbage-first heap   total 379904K, used 267608K [0x0000000080000000, 0x0000000100000000)
  region size 1024K, 1 young (1024K), 1 survivors (1024K)
 Metaspace       used 125922K, capacity 129450K, committed 129740K, reserved 1161216K
  class space    used 15641K, capacity 16965K, committed 17152K, reserved 1048576K
}
Event: 431.855 GC heap before
{Heap before GC invocations=82 (full 0):
 garbage-first heap   total 379904K, used 285016K [0x0000000080000000, 0x0000000100000000)
  region size 1024K, 18 young (18432K), 1 survivors (1024K)
 Metaspace       used 125999K, capacity 129516K, committed 129740K, reserved 1161216K
  class space    used 15647K, capacity 16965K, committed 17152K, reserved 1048576K
}
Event: 431.922 GC heap after
{Heap after GC invocations=83 (full 0):
 garbage-first heap   total 538624K, used 264865K [0x0000000080000000, 0x0000000100000000)
  region size 1024K, 2 young (2048K), 2 survivors (2048K)
 Metaspace       used 125999K, capacity 129516K, committed 129740K, reserved 1161216K
  class space    used 15647K, capacity 16965K, committed 17152K, reserved 1048576K
}
Event: 432.151 GC heap before
{Heap before GC invocations=83 (full 0):
 garbage-first heap   total 538624K, used 269985K [0x0000000080000000, 0x0000000100000000)
  region size 1024K, 8 young (8192K), 2 survivors (2048K)
 Metaspace       used 126003K, capacity 129516K, committed 129740K, reserved 1161216K
  class space    used 15647K, capacity 16965K, committed 17152K, reserved 1048576K
}
Event: 432.184 GC heap after
{Heap after GC invocations=84 (full 0):
 garbage-first heap   total 538624K, used 264842K [0x0000000080000000, 0x0000000100000000)
  region size 1024K, 2 young (2048K), 2 survivors (2048K)
 Metaspace       used 126003K, capacity 129516K, committed 129740K, reserved 1161216K
  class space    used 15647K, capacity 16965K, committed 17152K, reserved 1048576K
}
Event: 434.038 GC heap before
{Heap before GC invocations=85 (full 0):
 garbage-first heap   total 538624K, used 365194K [0x0000000080000000, 0x0000000100000000)
  region size 1024K, 102 young (104448K), 2 survivors (2048K)
 Metaspace       used 126477K, capacity 130151K, committed 130380K, reserved 1163264K
  class space    used 15698K, capacity 17060K, committed 17280K, reserved 1048576K
}
Event: 434.081 GC heap after
{Heap after GC invocations=86 (full 0):
 garbage-first heap   total 538624K, used 273825K [0x0000000080000000, 0x0000000100000000)
  region size 1024K, 13 young (13312K), 13 survivors (13312K)
 Metaspace       used 126477K, capacity 130151K, committed 130380K, reserved 1163264K
  class space    used 15698K, capacity 17060K, committed 17280K, reserved 1048576K
}
Event: 434.209 GC heap before
{Heap before GC invocations=86 (full 0):
 garbage-first heap   total 538624K, used 286113K [0x0000000080000000, 0x0000000100000000)
  region size 1024K, 26 young (26624K), 13 survivors (13312K)
 Metaspace       used 126528K, capacity 130169K, committed 130636K, reserved 1163264K
  class space    used 15704K, capacity 17066K, committed 17280K, reserved 1048576K
}
Event: 434.312 GC heap after
{Heap after GC invocations=87 (full 0):
 garbage-first heap   total 538624K, used 272244K [0x0000000080000000, 0x0000000100000000)
  region size 1024K, 4 young (4096K), 4 survivors (4096K)
 Metaspace       used 126528K, capacity 130169K, committed 130636K, reserved 1163264K
  class space    used 15704K, capacity 17066K, committed 17280K, reserved 1048576K
}
Event: 434.855 GC heap before
{Heap before GC invocations=87 (full 0):
 garbage-first heap   total 538624K, used 349044K [0x0000000080000000, 0x0000000100000000)
  region size 1024K, 80 young (81920K), 4 survivors (4096K)
 Metaspace       used 126665K, capacity 130330K, committed 130636K, reserved 1163264K
  class space    used 15712K, capacity 17071K, committed 17280K, reserved 1048576K
}

