# JRE version: OpenJDK Runtime Environment (11.0.12+7) (build 11.0.12+7-b1504.28-7817840)
# Java VM: OpenJDK 64-Bit Server VM (11.0.12+7-b1504.28-7817840, mixed mode, tiered, compressed oops, g1 gc, windows-amd64)
Heap:
 garbage-first heap   total 770048K, used 221580K [0x0000000080000000, 0x0000000100000000)
  region size 1024K, 3 young (3072K), 3 survivors (3072K)
 Metaspace       used 113994K, capacity 117188K, committed 117400K, reserved 1150976K
  class space    used 14476K, capacity 15711K, committed 15820K, reserved 1048576K
GC Heap History (20 events):
Event: 676.545 GC heap after
{Heap after GC invocations=68 (full 0):
 garbage-first heap   total 233472K, used 199577K [0x0000000080000000, 0x0000000100000000)
  region size 1024K, 2 young (2048K), 2 survivors (2048K)
 Metaspace       used 113589K, capacity 116749K, committed 117016K, reserved 1150976K
  class space    used 14441K, capacity 15661K, committed 15692K, reserved 1048576K
}
Event: 676.584 GC heap before
{Heap before GC invocations=68 (full 0):
 garbage-first heap   total 233472K, used 208793K [0x0000000080000000, 0x0000000100000000)
  region size 1024K, 11 young (11264K), 2 survivors (2048K)
 Metaspace       used 113590K, capacity 116749K, committed 117016K, reserved 1150976K
  class space    used 14441K, capacity 15661K, committed 15692K, reserved 1048576K
}
Event: 676.595 GC heap after
{Heap after GC invocations=69 (full 0):
 garbage-first heap   total 233472K, used 205052K [0x0000000080000000, 0x0000000100000000)
  region size 1024K, 2 young (2048K), 2 survivors (2048K)
 Metaspace       used 113590K, capacity 116749K, committed 117016K, reserved 1150976K
  class space    used 14441K, capacity 15661K, committed 15692K, reserved 1048576K
}
Event: 676.724 GC heap before
{Heap before GC invocations=69 (full 0):
 garbage-first heap   total 233472K, used 214268K [0x0000000080000000, 0x0000000100000000)
  region size 1024K, 11 young (11264K), 2 survivors (2048K)
 Metaspace       used 113656K, capacity 116773K, committed 117016K, reserved 1150976K
  class space    used 14448K, capacity 15668K, committed 15692K, reserved 1048576K
}
Event: 676.737 GC heap after
{Heap after GC invocations=70 (full 0):
 garbage-first heap   total 280576K, used 209409K [0x0000000080000000, 0x0000000100000000)
  region size 1024K, 2 young (2048K), 2 survivors (2048K)
 Metaspace       used 113656K, capacity 116773K, committed 117016K, reserved 1150976K
  class space    used 14448K, capacity 15668K, committed 15692K, reserved 1048576K
}
Event: 676.946 GC heap before
{Heap before GC invocations=70 (full 0):
 garbage-first heap   total 280576K, used 227841K [0x0000000080000000, 0x0000000100000000)
  region size 1024K, 21 young (21504K), 2 survivors (2048K)
 Metaspace       used 113679K, capacity 116779K, committed 117016K, reserved 1150976K
  class space    used 14448K, capacity 15668K, committed 15692K, reserved 1048576K
}
Event: 676.965 GC heap after
{Heap after GC invocations=71 (full 0):
 garbage-first heap   total 280576K, used 213962K [0x0000000080000000, 0x0000000100000000)
  region size 1024K, 3 young (3072K), 3 survivors (3072K)
 Metaspace       used 113679K, capacity 116779K, committed 117016K, reserved 1150976K
  class space    used 14448K, capacity 15668K, committed 15692K, reserved 1048576K
}
Event: 677.434 GC heap before
{Heap before GC invocations=71 (full 0):
 garbage-first heap   total 280576K, used 231370K [0x0000000080000000, 0x0000000100000000)
  region size 1024K, 21 young (21504K), 3 survivors (3072K)
 Metaspace       used 113822K, capacity 117039K, committed 117400K, reserved 1150976K
  class space    used 14472K, capacity 15710K, committed 15820K, reserved 1048576K
}
Event: 677.454 GC heap after
{Heap after GC invocations=72 (full 0):
 garbage-first heap   total 280576K, used 216188K [0x0000000080000000, 0x0000000100000000)
  region size 1024K, 2 young (2048K), 2 survivors (2048K)
 Metaspace       used 113822K, capacity 117039K, committed 117400K, reserved 1150976K
  class space    used 14472K, capacity 15710K, committed 15820K, reserved 1048576K
}
Event: 677.608 GC heap before
{Heap before GC invocations=73 (full 0):
 garbage-first heap   total 280576K, used 233596K [0x0000000080000000, 0x0000000100000000)
  region size 1024K, 20 young (20480K), 2 survivors (2048K)
 Metaspace       used 113836K, capacity 117042K, committed 117400K, reserved 1150976K
  class space    used 14472K, capacity 15710K, committed 15820K, reserved 1048576K
}
Event: 677.617 GC heap after
{Heap after GC invocations=74 (full 0):
 garbage-first heap   total 280576K, used 218735K [0x0000000080000000, 0x0000000100000000)
  region size 1024K, 3 young (3072K), 3 survivors (3072K)
 Metaspace       used 113836K, capacity 117042K, committed 117400K, reserved 1150976K
  class space    used 14472K, capacity 15710K, committed 15820K, reserved 1048576K
}
Event: 677.652 GC heap before
{Heap before GC invocations=74 (full 0):
 garbage-first heap   total 280576K, used 228975K [0x0000000080000000, 0x0000000100000000)
  region size 1024K, 13 young (13312K), 3 survivors (3072K)
 Metaspace       used 113840K, capacity 117042K, committed 117400K, reserved 1150976K
  class space    used 14472K, capacity 15710K, committed 15820K, reserved 1048576K
}
Event: 677.672 GC heap after
{Heap after GC invocations=75 (full 0):
 garbage-first heap   total 438272K, used 216931K [0x0000000080000000, 0x0000000100000000)
  region size 1024K, 1 young (1024K), 1 survivors (1024K)
 Metaspace       used 113840K, capacity 117042K, committed 117400K, reserved 1150976K
  class space    used 14472K, capacity 15710K, committed 15820K, reserved 1048576K
}
Event: 678.202 GC heap before
{Heap before GC invocations=75 (full 0):
 garbage-first heap   total 438272K, used 233315K [0x0000000080000000, 0x0000000100000000)
  region size 1024K, 18 young (18432K), 1 survivors (1024K)
 Metaspace       used 113877K, capacity 117114K, committed 117400K, reserved 1150976K
  class space    used 14472K, capacity 15710K, committed 15820K, reserved 1048576K
}
Event: 678.244 GC heap after
{Heap after GC invocations=76 (full 0):
 garbage-first heap   total 438272K, used 217825K [0x0000000080000000, 0x0000000100000000)
  region size 1024K, 2 young (2048K), 2 survivors (2048K)
 Metaspace       used 113877K, capacity 117114K, committed 117400K, reserved 1150976K
  class space    used 14472K, capacity 15710K, committed 15820K, reserved 1048576K
}
Event: 682.143 GC heap before
{Heap before GC invocations=77 (full 0):
 garbage-first heap   total 438272K, used 304865K [0x0000000080000000, 0x0000000100000000)
  region size 1024K, 81 young (82944K), 2 survivors (2048K)
 Metaspace       used 113989K, capacity 117188K, committed 117400K, reserved 1150976K
  class space    used 14476K, capacity 15711K, committed 15820K, reserved 1048576K
}
Event: 682.217 GC heap after
{Heap after GC invocations=78 (full 0):
 garbage-first heap   total 438272K, used 229041K [0x0000000080000000, 0x0000000100000000)
  region size 1024K, 6 young (6144K), 6 survivors (6144K)
 Metaspace       used 113989K, capacity 117188K, committed 117400K, reserved 1150976K
  class space    used 14476K, capacity 15711K, committed 15820K, reserved 1048576K
}
Event: 682.487 GC heap before
{Heap before GC invocations=78 (full 0):
 garbage-first heap   total 438272K, used 244401K [0x0000000080000000, 0x0000000100000000)
  region size 1024K, 21 young (21504K), 6 survivors (6144K)
 Metaspace       used 113994K, capacity 117188K, committed 117400K, reserved 1150976K
  class space    used 14476K, capacity 15711K, committed 15820K, reserved 1048576K
}
Event: 682.553 GC heap after
{Heap after GC invocations=79 (full 0):
 garbage-first heap   total 438272K, used 220868K [0x0000000080000000, 0x0000000100000000)
  region size 1024K, 2 young (2048K), 2 survivors (2048K)
 Metaspace       used 113994K, capacity 117188K, committed 117400K, reserved 1150976K
  class space    used 14476K, capacity 15711K, committed 15820K, reserved 1048576K
}
Event: 682.569 GC heap before
{Heap before GC invocations=79 (full 0):
 garbage-first heap   total 438272K, used 222916K [0x0000000080000000, 0x0000000100000000)
  region size 1024K, 6 young (6144K), 2 survivors (2048K)
 Metaspace       used 113994K, capacity 117188K, committed 117400K, reserved 1150976K
  class space    used 14476K, capacity 15711K, committed 15820K, reserved 1048576K
}

